2016-03-30 14:33:12	User 1 logged in
2016-03-30 15:35:45	User 1 logged in
2016-03-31 09:02:54	Member added info@wpwm.se	Password: mevROTYr	Enc_pw: c34f44dc68dba5d52ae2c2b0e0a4bf9ecbaafe68f7272f88b3b19b223df3cb32835ba87483d37458240f38f2d0fe088902d231f9b7bd4184b3a7058f68b9b32c
2016-03-31 16:25:19	Member added vagabond@wawa.se	Password: fsUIV7KT	Enc_pw: 493a15a03e2b8f9cf4e76fa3a4de4df123ee0a25c3bd30b1f4730b1c6bb6b788fb84ed47a0f539d7f5b4c9d2ef36937fb0da30473f4a6597a3d232eb9d2407f6
2016-03-31 16:27:35	Member added joho@wa.se	Password: FTfz7pkW	Enc_pw: 12a5722e8d7b5efabd3be60adaaf01562c468eae4df60e17d921fa53fdc6d62da6023f0ae127fdbd3f28c37767a6e49102157773008aeb38ff6acd5917dd6df3
2016-03-31 16:28:44	Member added tress@tris.tes	Password: ez1fwdok	Enc_pw: c3c765b9d06eeddee9558240325f9a0352dd6a8024524149071096aa653654f0550d3621456d0884bf2e097cf2e6171decd50e5b02c665e838042469864d4ea4
2016-03-31 16:34:00	User 1 logged in
2016-04-01 09:13:29	User 1 logged in
2016-04-01 10:30:03	User 1 logged in
2016-04-01 11:47:10	User 1 logged in
2016-04-01 11:47:53	Password error	wilhelm@wpwm.se tried to log in	1c021dc5c2479d7b9c87b15d24b822d5c91b5ec96fbd9869b77f1ac23e2a7370cc484a40e96589d147ff5e44c437db4a1fb2f9943adc46293fee4396750626a3
2016-04-01 11:49:59	User 1 logged in
2016-04-01 13:41:14	Member added wetersson@gmail.com	Password: H5C6e9g5	Enc_pw: bef0ce315e67cc4edd77d6d60fa6cf916e2256f5e0fd7540211683f37366afbe9af67a405804143445aa09cb232a2339aea7e798a8139ba5c12c110c71d91a74
2016-04-01 14:11:45	Member added mikael.bramstedt@gmail.com	Password: CljSbYXC	Enc_pw: ddf0c1a145f04d979cbec48cfa8375517a3040e640a0f968ce76479803784e807709763938432f7222c1dbae316e7e9035a6501d9e7a0707c559809cd44c7429
2016-04-01 18:14:12	User 1 logged in
2016-04-02 10:19:30	Password error	wilhelm@wpwm.se tried to log in	8a44eacd6f55ad0a1cfeda2c6da0ed93cbfc7e8996f351cb57653dcbb0356997e8a8eb8cc9085a180ad55a5f59568f568733bb50161ba50a2b602a56b5722126
2016-04-02 10:19:38	User 1 logged in
2016-04-02 12:03:37	User 1 logged in
2016-04-02 14:35:02	User 1 logged in
2016-04-02 15:39:03	User 1 logged in
2016-04-02 16:17:50	User 1 logged in
2016-04-02 16:31:24	User 1 logged in
2016-04-02 18:39:01	User 1 logged in
2016-04-02 18:40:56	Password error	mikael.bramstedt@gmail.com tried to log in	83450fcc1f1eecc30fa6bcb495de701680836a48e2f54dc293699362d145e526a1e9c6f9b16c3140262d0cfd97f6d523b6e7338a3b0ed3f11debb12adeb55285
2016-04-02 18:41:01	Password error	mikael.bramstedt@gmail.com tried to log in	83450fcc1f1eecc30fa6bcb495de701680836a48e2f54dc293699362d145e526a1e9c6f9b16c3140262d0cfd97f6d523b6e7338a3b0ed3f11debb12adeb55285
2016-04-02 18:41:16	Password error	mikael.bramstedt@gmail.com tried to log in	83450fcc1f1eecc30fa6bcb495de701680836a48e2f54dc293699362d145e526a1e9c6f9b16c3140262d0cfd97f6d523b6e7338a3b0ed3f11debb12adeb55285
2016-04-02 18:45:27	User 1 logged in
2016-04-03 09:27:06	Password error	mdf@kjhkjh.de tried to log in	547738ee1991f25a104d1a1f664dd643382d37eaf06861f16e3e4e45a17a8d363c58c54c719635f826f4ead230baa951ba5b2654282b5dec53246d770b20f927
2016-04-03 09:28:04	Password error	mdf@kjhkjh.de tried to log in	547738ee1991f25a104d1a1f664dd643382d37eaf06861f16e3e4e45a17a8d363c58c54c719635f826f4ead230baa951ba5b2654282b5dec53246d770b20f927
2016-04-03 09:28:23	Password error	as@as.as tried to log in	694c89efec9f4f320b563f59d84699ec70521adde853bd8228993e483389593f069a2ffa99922f8d029ef082fa7d7a53b9e1e3fed1f317b9d9f861a0c6adb320
2016-04-03 09:34:03	User 1 logged in
2016-04-03 10:07:14	User 1 logged in
2016-04-03 10:12:41	User 1 logged in
2016-04-03 10:30:20	User 1 logged in
2016-04-03 10:49:20	User 1 logged in
2016-04-03 14:39:46	User 1 logged in
2016-04-04 11:50:28	User 1 logged in
2016-04-04 12:30:33	Not verified wilhelm@wpwm.se	 tried to log in
2016-04-04 12:32:02	User 1 logged in
2016-04-04 13:43:32	User 1 logged in
2016-04-04 13:51:13	User 1 logged in
2016-04-05 10:12:27	User 1 logged in
2016-04-05 10:58:51	User 1 logged in
2016-04-05 11:26:44	User 1 logged in
2016-04-05 12:48:19	User 1 logged in
2016-04-05 13:44:44	User 1 logged in
2016-04-05 17:24:43	User 1 logged in
2016-04-05 17:32:18	Password error	wetersson@gmail.com tried to log in	1c021dc5c2479d7b9c87b15d24b822d5c91b5ec96fbd9869b77f1ac23e2a7370cc484a40e96589d147ff5e44c437db4a1fb2f9943adc46293fee4396750626a3
2016-04-05 17:33:21	User 1 logged in
2016-04-06 09:47:05	Password error	wetersson@gmail.com tried to log in	1c021dc5c2479d7b9c87b15d24b822d5c91b5ec96fbd9869b77f1ac23e2a7370cc484a40e96589d147ff5e44c437db4a1fb2f9943adc46293fee4396750626a3
2016-04-06 09:47:14	Password error	wetersson@gmail.com tried to log in	1c021dc5c2479d7b9c87b15d24b822d5c91b5ec96fbd9869b77f1ac23e2a7370cc484a40e96589d147ff5e44c437db4a1fb2f9943adc46293fee4396750626a3
2016-04-06 09:47:26	Password error	wilhelm@wpwm.se tried to log in	1c021dc5c2479d7b9c87b15d24b822d5c91b5ec96fbd9869b77f1ac23e2a7370cc484a40e96589d147ff5e44c437db4a1fb2f9943adc46293fee4396750626a3
2016-04-06 09:47:38	Password error	wilhelm@wpwm.se tried to log in	1c021dc5c2479d7b9c87b15d24b822d5c91b5ec96fbd9869b77f1ac23e2a7370cc484a40e96589d147ff5e44c437db4a1fb2f9943adc46293fee4396750626a3
2016-04-06 09:48:30	Password error	wilhelm@wpwm.se tried to log in	8a44eacd6f55ad0a1cfeda2c6da0ed93cbfc7e8996f351cb57653dcbb0356997e8a8eb8cc9085a180ad55a5f59568f568733bb50161ba50a2b602a56b5722126
2016-04-06 09:48:37	User 1 logged in
2016-04-06 09:49:28	User 1 logged in
2016-04-06 10:03:03	User 1 logged in
2016-04-09 11:46:36	User 1 logged in
2016-04-10 15:39:35	User 1 logged in
2016-04-10 20:27:56	User 1 logged in
2016-04-10 20:40:06	User 1 logged in
2016-04-11 09:44:50	Password error	mikael.bramstedt@gmail.com tried to log in	0fdd5cb1723af8eb95ed8331d7a5dd63a843904fa5d8acd381e3a24acf8a990f7592b5b7b7a861df22560a8a1028b210b04dc04d2f7f098ee217de82ee684c15
2016-04-11 09:45:06	Password error	mikael.bramstedt@gmail.com tried to log in	0fdd5cb1723af8eb95ed8331d7a5dd63a843904fa5d8acd381e3a24acf8a990f7592b5b7b7a861df22560a8a1028b210b04dc04d2f7f098ee217de82ee684c15
2016-04-11 09:47:14	User 1 logged in
2016-04-11 10:35:09	User 1 logged in
2016-04-11 10:39:55	User 1 logged in
2016-04-11 14:44:29	User 1 logged in
2016-04-12 10:28:30	User 1 logged in
2016-04-12 13:35:00	User 1 logged in
2016-04-12 14:39:44	User 1 logged in
2016-04-12 14:58:50	User 1 logged in
2016-04-12 16:40:21	User 1 logged in
2016-04-12 17:18:09	User 1 logged in
2016-04-13 10:04:34	User 4 logged in
2016-04-13 10:04:40	User 4 logged in
2016-04-14 08:54:36	User 4 logged in
2016-04-14 09:01:51	Password error	wetersson@gmail.com tried to log in	1c021dc5c2479d7b9c87b15d24b822d5c91b5ec96fbd9869b77f1ac23e2a7370cc484a40e96589d147ff5e44c437db4a1fb2f9943adc46293fee4396750626a3
2016-04-14 09:02:03	Password error	wilhelm.petersson@westindiatech.com tried to log in	2646a8fafac4e9a0d4a0510fa97a638511bdbbaeb5efea4eba9131374b3f9de55dd2f0dd12736b1b796018bf4082242e9a971387f51879ced1e10b6bce1d1be8
2016-04-14 09:02:19	User 4 logged in
2016-04-14 09:06:03	User 4 logged in
2016-04-14 09:07:21	User 4 logged in
2016-04-14 10:38:00	User 1 logged in
2016-04-14 12:37:04	User 1 logged in
2016-04-14 13:41:50	User 1 logged in
2016-04-17 16:43:01	User 1 logged in
